{
  "RSpec": {
    "coverage": {
      "/Users/angelitagraves/Desktop/DevBootCamp/perps/dbc-final-project/MiddleGround/config/environment.rb": [
        null,
        1,
        null,
        null,
        1
      ],
      "/Users/angelitagraves/Desktop/DevBootCamp/perps/dbc-final-project/MiddleGround/config/application.rb": [
        1,
        null,
        1,
        null,
        1,
        1,
        1,
        1,
        1,
        1,
        1,
        null,
        null,
        null,
        null,
        1,
        null,
        1,
        1,
        null,
        null,
        null,
        null,
        null,
        null,
        null,
        null,
        null,
        null,
        null,
        null,
        null,
        null,
        null,
        1,
        null,
        1,
        null,
        null
      ],
      "/Users/angelitagraves/Desktop/DevBootCamp/perps/dbc-final-project/MiddleGround/config/boot.rb": [
        1,
        null,
        1
      ],
      "/Users/angelitagraves/Desktop/DevBootCamp/perps/dbc-final-project/MiddleGround/config/environments/test.rb": [
        1,
        null,
        null,
        null,
        null,
        null,
        null,
        1,
        null,
        null,
        null,
        null,
        1,
        null,
        null,
        1,
        1,
        null,
        null,
        1,
        1,
        null,
        null,
        1,
        null,
        null,
        1,
        null,
        null,
        null,
        null,
        1,
        null,
        null,
        1,
        null,
        null,
        1,
        null,
        null,
        null,
        null
      ],
      "/Users/angelitagraves/Desktop/DevBootCamp/perps/dbc-final-project/MiddleGround/config/initializers/assets.rb": [
        null,
        null,
        null,
        1,
        null,
        null,
        null,
        null,
        null,
        null,
        null
      ],
      "/Users/angelitagraves/Desktop/DevBootCamp/perps/dbc-final-project/MiddleGround/config/initializers/auth0.rb": [
        1,
        1,
        null,
        null,
        null,
        null,
        null,
        null,
        null
      ],
      "/Users/angelitagraves/Desktop/DevBootCamp/perps/dbc-final-project/MiddleGround/config/initializers/backtrace_silencers.rb": [
        null,
        null,
        null,
        null,
        null,
        null,
        null
      ],
      "/Users/angelitagraves/Desktop/DevBootCamp/perps/dbc-final-project/MiddleGround/config/initializers/cookies_serializer.rb": [
        null,
        null,
        1
      ],
      "/Users/angelitagraves/Desktop/DevBootCamp/perps/dbc-final-project/MiddleGround/config/initializers/filter_parameter_logging.rb": [
        null,
        null,
        null,
        1
      ],
      "/Users/angelitagraves/Desktop/DevBootCamp/perps/dbc-final-project/MiddleGround/config/initializers/inflections.rb": [
        null,
        null,
        null,
        null,
        null,
        null,
        null,
        null,
        null,
        null,
        null,
        null,
        null,
        null,
        null,
        null
      ],
      "/Users/angelitagraves/Desktop/DevBootCamp/perps/dbc-final-project/MiddleGround/config/initializers/mime_types.rb": [
        null,
        null,
        null,
        null
      ],
      "/Users/angelitagraves/Desktop/DevBootCamp/perps/dbc-final-project/MiddleGround/config/initializers/session_store.rb": [
        null,
        null,
        1
      ],
      "/Users/angelitagraves/Desktop/DevBootCamp/perps/dbc-final-project/MiddleGround/config/initializers/wrap_parameters.rb": [
        null,
        null,
        null,
        null,
        null,
        null,
        1,
        1,
        null,
        null,
        null,
        null,
        null,
        null
      ],
      "/Users/angelitagraves/Desktop/DevBootCamp/perps/dbc-final-project/MiddleGround/config/initializers/yelp.rb": [
        1,
        1,
        1,
        1,
        1,
        null
      ],
      "/Users/angelitagraves/Desktop/DevBootCamp/perps/dbc-final-project/MiddleGround/spec/factories.rb": [

      ],
      "/Users/angelitagraves/Desktop/DevBootCamp/perps/dbc-final-project/MiddleGround/config/routes.rb": [
        1,
        1,
        1,
        null,
        1,
        1,
        null,
        1,
        1,
        1,
        1,
        null,
        1,
        1,
        1,
        null,
        1,
        1,
        1,
        null,
        null,
        1,
        1,
        null,
        null,
        null,
        null,
        null,
        null,
        null,
        null,
        null,
        null,
        null,
        null,
        null,
        null,
        null,
        null,
        null,
        null,
        null,
        null,
        null,
        null,
        null,
        null,
        null,
        null,
        1,
        null,
        null,
        null,
        null,
        null,
        null,
        null,
        null,
        null,
        null,
        null,
        null,
        null,
        null,
        null,
        null,
        null,
        null,
        null,
        null,
        null,
        null,
        null,
        null,
        null,
        null,
        null,
        null
      ],
      "/Users/angelitagraves/Desktop/DevBootCamp/perps/dbc-final-project/MiddleGround/app/helpers/application_helper.rb": [
        1,
        null
      ],
      "/Users/angelitagraves/Desktop/DevBootCamp/perps/dbc-final-project/MiddleGround/app/controllers/auth0_controller.rb": [
        1,
        1,
        0,
        0,
        0,
        0,
        0,
        0,
        0,
        null,
        null,
        1,
        0,
        null,
        null
      ],
      "/Users/angelitagraves/Desktop/DevBootCamp/perps/dbc-final-project/MiddleGround/app/controllers/application_controller.rb": [
        1,
        null,
        null,
        1,
        null,
        1,
        null,
        1,
        0,
        null,
        null,
        1,
        0,
        null,
        null
      ]
    },
    "timestamp": 1448378554
  }
}
